I, [2022-05-15T10:58:14.385985 #11536]  INFO -- : 
@@@                                             @@@@@  @@@
@@@                                            @@@     @@@
@@@  @@@    @@@@@@@@@   @@@ @@@   @@@@@@@@@  @@@@@@@@  @@@  @@@@   @@@@@@@@@
@@@@@@     @@@    @@@   @@@@@    @@@    @@@    @@@     @@@@@@@    @@@    @@@
@@@@@@@    @@@    @@@   @@@     @@@@    @@@    @@@     @@@@@@@    @@@    @@@
@@@  @@@@  @@@@@@@@@@   @@@      @@@@@@@@@@    @@@     @@@  @@@@   @@@@@@@@@@


I, [2022-05-15T10:58:14.386132 #11536]  INFO -- : [0;31mYou like Karafka? Please consider getting a Pro subscription![0m

I, [2022-05-15T11:09:57.816723 #11536]  INFO -- : [e04c206c-5349-47eb-9036-b779ba7ce1e1] Closing producer took 0 ms
I, [2022-05-15T11:10:01.429340 #15128]  INFO -- : 
@@@                                             @@@@@  @@@
@@@                                            @@@     @@@
@@@  @@@    @@@@@@@@@   @@@ @@@   @@@@@@@@@  @@@@@@@@  @@@  @@@@   @@@@@@@@@
@@@@@@     @@@    @@@   @@@@@    @@@    @@@    @@@     @@@@@@@    @@@    @@@
@@@@@@@    @@@    @@@   @@@     @@@@    @@@    @@@     @@@@@@@    @@@    @@@
@@@  @@@@  @@@@@@@@@@   @@@      @@@@@@@@@@    @@@     @@@  @@@@   @@@@@@@@@@


I, [2022-05-15T11:10:01.429476 #15128]  INFO -- : [0;31mYou like Karafka? Please consider getting a Pro subscription![0m

I, [2022-05-15T11:11:33.488176 #15128]  INFO -- : [67d90c29-e717-4367-9fa6-c88ff7a9378c] Closing producer took 0 ms
I, [2022-05-15T11:11:36.563698 #16176]  INFO -- : 
@@@                                             @@@@@  @@@
@@@                                            @@@     @@@
@@@  @@@    @@@@@@@@@   @@@ @@@   @@@@@@@@@  @@@@@@@@  @@@  @@@@   @@@@@@@@@
@@@@@@     @@@    @@@   @@@@@    @@@    @@@    @@@     @@@@@@@    @@@    @@@
@@@@@@@    @@@    @@@   @@@     @@@@    @@@    @@@     @@@@@@@    @@@    @@@
@@@  @@@@  @@@@@@@@@@   @@@      @@@@@@@@@@    @@@     @@@  @@@@   @@@@@@@@@@


I, [2022-05-15T11:11:36.563942 #16176]  INFO -- : [0;31mYou like Karafka? Please consider getting a Pro subscription![0m

I, [2022-05-15T11:12:28.595848 #16176]  INFO -- : [41efe1b9-a073-478e-bead-0aca1ae55e02] Closing producer took 0 ms
