I, [2022-05-15T10:58:14.398830 #11533]  INFO -- : 
@@@                                             @@@@@  @@@
@@@                                            @@@     @@@
@@@  @@@    @@@@@@@@@   @@@ @@@   @@@@@@@@@  @@@@@@@@  @@@  @@@@   @@@@@@@@@
@@@@@@     @@@    @@@   @@@@@    @@@    @@@    @@@     @@@@@@@    @@@    @@@
@@@@@@@    @@@    @@@   @@@     @@@@    @@@    @@@     @@@@@@@    @@@    @@@
@@@  @@@@  @@@@@@@@@@   @@@      @@@@@@@@@@    @@@     @@@  @@@@   @@@@@@@@@@


I, [2022-05-15T10:58:14.398956 #11533]  INFO -- : [0;31mYou like Karafka? Please consider getting a Pro subscription![0m

I, [2022-05-15T11:09:57.817293 #11533]  INFO -- : [55fbeced-a577-4283-9a98-a9a89139d0f2] Closing producer took 0 ms
I, [2022-05-15T11:10:01.366703 #15122]  INFO -- : 
@@@                                             @@@@@  @@@
@@@                                            @@@     @@@
@@@  @@@    @@@@@@@@@   @@@ @@@   @@@@@@@@@  @@@@@@@@  @@@  @@@@   @@@@@@@@@
@@@@@@     @@@    @@@   @@@@@    @@@    @@@    @@@     @@@@@@@    @@@    @@@
@@@@@@@    @@@    @@@   @@@     @@@@    @@@    @@@     @@@@@@@    @@@    @@@
@@@  @@@@  @@@@@@@@@@   @@@      @@@@@@@@@@    @@@     @@@  @@@@   @@@@@@@@@@


I, [2022-05-15T11:10:01.367580 #15122]  INFO -- : [0;31mYou like Karafka? Please consider getting a Pro subscription![0m

I, [2022-05-15T11:11:33.425017 #15122]  INFO -- : [ebf08c13-fc01-4e4b-a42c-e9ef8340e0d8] Closing producer took 0 ms
I, [2022-05-15T11:11:36.492039 #16170]  INFO -- : 
@@@                                             @@@@@  @@@
@@@                                            @@@     @@@
@@@  @@@    @@@@@@@@@   @@@ @@@   @@@@@@@@@  @@@@@@@@  @@@  @@@@   @@@@@@@@@
@@@@@@     @@@    @@@   @@@@@    @@@    @@@    @@@     @@@@@@@    @@@    @@@
@@@@@@@    @@@    @@@   @@@     @@@@    @@@    @@@     @@@@@@@    @@@    @@@
@@@  @@@@  @@@@@@@@@@   @@@      @@@@@@@@@@    @@@     @@@  @@@@   @@@@@@@@@@


I, [2022-05-15T11:11:36.492170 #16170]  INFO -- : [0;31mYou like Karafka? Please consider getting a Pro subscription![0m

I, [2022-05-15T11:12:28.525262 #16170]  INFO -- : [ab3270f9-9b15-47f2-987b-f6504a93a7bc] Closing producer took 0 ms
